<?xml version="1.0" encoding="UTF-8"?>
<testng-results ignored="0" total="1" passed="1" failed="0" skipped="0">
  <reporter-output>
  </reporter-output>
  <suite started-at="2020-03-03T11:14:14Z" name="BDD Test Suite" finished-at="2020-03-03T11:14:14Z" duration-ms="605">
    <groups>
      <group name="cucumber">
        <method signature="TestRunner.feature(cucumber.api.testng.CucumberFeatureWrapper)[pri:0, instance:com.qa.runner.TestRunner@3d36e4cd]" name="feature" class="com.qa.runner.TestRunner"/>
      </group> <!-- cucumber -->
    </groups>
    <test started-at="2020-03-03T11:14:14Z" name="Functional" finished-at="2020-03-03T11:14:14Z" duration-ms="605">
      <class name="com.qa.runner.TestRunner">
        <test-method is-config="true" signature="setUpClass()[pri:0, instance:com.qa.runner.TestRunner@3d36e4cd]" started-at="2020-03-03T11:14:14Z" name="setUpClass" finished-at="2020-03-03T11:14:14Z" duration-ms="319" status="PASS">
          <reporter-output>
          </reporter-output>
        </test-method> <!-- setUpClass -->
        <test-method signature="feature(cucumber.api.testng.CucumberFeatureWrapper)[pri:0, instance:com.qa.runner.TestRunner@3d36e4cd]" started-at="2020-03-03T11:14:14Z" name="feature" description="Runs Cucumber Feature" data-provider="features" finished-at="2020-03-03T11:14:14Z" duration-ms="83" status="PASS">
          <params>
            <param index="0">
              <value>
                <![CDATA[Acceptance testing to validate order items]]>
              </value>
            </param>
          </params>
          <reporter-output>
          </reporter-output>
        </test-method> <!-- feature -->
        <test-method is-config="true" signature="tearDownClass()[pri:0, instance:com.qa.runner.TestRunner@3d36e4cd]" started-at="2020-03-03T11:14:14Z" name="tearDownClass" finished-at="2020-03-03T11:14:14Z" duration-ms="38" status="PASS">
          <reporter-output>
          </reporter-output>
        </test-method> <!-- tearDownClass -->
      </class> <!-- com.qa.runner.TestRunner -->
    </test> <!-- Functional -->
  </suite> <!-- BDD Test Suite -->
</testng-results>
